<?xml version="1.0" encoding="UTF-8"?>
<!-- Generated by org.testng.reporters.JUnitReportReporter -->
<testsuite hostname="DESKTOP-P33KVPF" failures="0" tests="1" name="apiChaining.UpdateUser" time="0.502" errors="0" timestamp="2023-08-28T21:29:18 IST" skipped="0">
  <testcase classname="apiChaining.UpdateUser" name="test_updateUset" time="0.502"/>
</testsuite> <!-- apiChaining.UpdateUser -->
