<?xml version="1.0" encoding="UTF-8"?>
<!-- Generated by org.testng.reporters.JUnitReportReporter -->
<testsuite hostname="DESKTOP-P33KVPF" failures="0" tests="1" name="restAssuredProject.ParseJSONResponse" time="2.831" errors="0" timestamp="2023-08-28T14:40:44 IST" skipped="0">
  <testcase classname="restAssuredProject.ParseJSONResponse" name="testJsonResponseUsingJSONObject" time="2.831"/>
</testsuite> <!-- restAssuredProject.ParseJSONResponse -->
