<?xml version="1.0" encoding="UTF-8"?>
<!-- Generated by org.testng.reporters.JUnitReportReporter -->
<testsuite hostname="DESKTOP-P33KVPF" failures="0" tests="1" name="restAssuredProject.HttpRequests" time="4.661" errors="0" timestamp="2023-08-27T21:16:57 IST" skipped="0">
  <testcase classname="restAssuredProject.HttpRequests" name="createUser" time="4.661"/>
</testsuite> <!-- restAssuredProject.HttpRequests -->
