<?xml version="1.0" encoding="UTF-8"?>
<!-- Generated by org.testng.reporters.JUnitReportReporter -->
<testsuite hostname="DESKTOP-P33KVPF" failures="0" tests="2" name="restAssuredProject.PostRequestBodyWays" time="6.606" errors="0" timestamp="2023-08-28T01:49:25 IST" skipped="0">
  <testcase classname="restAssuredProject.PostRequestBodyWays" name="postUsingExternalJson" time="6.500"/>
  <testcase classname="restAssuredProject.PostRequestBodyWays" name="deleteData" time="0.106"/>
</testsuite> <!-- restAssuredProject.PostRequestBodyWays -->
