<?xml version="1.0" encoding="UTF-8"?>
<!-- Generated by org.testng.reporters.JUnitReportReporter -->
<testsuite hostname="DESKTOP-P33KVPF" failures="0" tests="1" name="restAssuredProject.ParseXMLResponse" time="3.992" errors="0" timestamp="2023-08-28T15:46:57 IST" skipped="0">
  <testcase classname="restAssuredProject.ParseXMLResponse" name="testXMLResponseXMLPathmethod" time="3.992"/>
</testsuite> <!-- restAssuredProject.ParseXMLResponse -->
