<?xml version="1.0" encoding="UTF-8"?>
<!-- Generated by org.testng.reporters.JUnitReportReporter -->
<testsuite hostname="DESKTOP-P33KVPF" failures="0" tests="1" name="restAssuredProject.QueryAndPathParameters" time="4.482" errors="0" timestamp="2023-08-28T09:19:17 IST" skipped="0">
  <testcase classname="restAssuredProject.QueryAndPathParameters" name="testQueryAndPathParameters" time="4.482"/>
</testsuite> <!-- restAssuredProject.QueryAndPathParameters -->
