<?xml version="1.0" encoding="UTF-8"?>
<!-- Generated by org.testng.reporters.JUnitReportReporter -->
<testsuite hostname="DESKTOP-P33KVPF" failures="0" tests="4" name="restAssuredProject.HttpRequestsCaptureId" time="7.168" errors="0" timestamp="2023-08-27T21:18:06 IST" skipped="0">
  <testcase classname="restAssuredProject.HttpRequestsCaptureId" name="getUsers" time="4.681"/>
  <testcase classname="restAssuredProject.HttpRequestsCaptureId" name="createUser" time="1.459"/>
  <testcase classname="restAssuredProject.HttpRequestsCaptureId" name="updateData" time="0.526"/>
  <testcase classname="restAssuredProject.HttpRequestsCaptureId" name="deleteUser" time="0.502"/>
</testsuite> <!-- restAssuredProject.HttpRequestsCaptureId -->
