<?xml version="1.0" encoding="UTF-8"?>
<!-- Generated by org.testng.reporters.JUnitReportReporter -->
<testsuite hostname="DESKTOP-P33KVPF" failures="0" tests="1" name="apiChaining.GetUser" time="1.067" errors="0" timestamp="2023-08-28T21:29:18 IST" skipped="0">
  <testcase classname="apiChaining.GetUser" name="testGetUser" time="1.067"/>
</testsuite> <!-- apiChaining.GetUser -->
