<?xml version="1.0" encoding="UTF-8"?>
<!-- Generated by org.testng.reporters.JUnitReportReporter -->
<testsuite hostname="DESKTOP-P33KVPF" failures="0" tests="1" name="restAssuredProject.JSONSchemaValidation" time="5.115" errors="0" timestamp="2023-08-28T17:16:11 IST" skipped="0">
  <testcase classname="restAssuredProject.JSONSchemaValidation" name="jsonSchemaValidate" time="5.115"/>
</testsuite> <!-- restAssuredProject.JSONSchemaValidation -->
