<?xml version="1.0" encoding="UTF-8"?>
<!-- Generated by org.testng.reporters.JUnitReportReporter -->
<testsuite hostname="DESKTOP-P33KVPF" failures="0" tests="1" name="testNG.firstTestNG" time="0.035" errors="0" timestamp="2023-08-01T01:11:57 IST" skipped="0">
  <testcase classname="testNG.firstTestNG" name="Print" time="0.035"/>
</testsuite> <!-- testNG.firstTestNG -->
