<?xml version="1.0" encoding="UTF-8"?>
<!-- Generated by org.testng.reporters.JUnitReportReporter -->
<testsuite hostname="DESKTOP-P33KVPF" failures="0" tests="1" name="selenium_fw.LoginTest1" time="8.239" errors="0" timestamp="2023-08-03T20:41:50 IST" skipped="0">
  <testcase classname="selenium_fw.LoginTest1" name="LoginTestMethod" time="8.239"/>
</testsuite> <!-- selenium_fw.LoginTest1 -->
