<?xml version="1.0" encoding="UTF-8"?>
<!-- Generated by org.testng.reporters.JUnitReportReporter -->
<testsuite hostname="DESKTOP-P33KVPF" failures="0" tests="1" name="base.BaseClass" time="34.087" errors="0" timestamp="2023-08-03T18:45:30 IST" skipped="0">
  <testcase classname="base.BaseClass" name="setup" time="34.087"/>
</testsuite> <!-- base.BaseClass -->
