<?xml version="1.0" encoding="UTF-8"?>
<!-- Generated by org.testng.reporters.JUnitReportReporter -->
<testsuite hostname="DESKTOP-P33KVPF" failures="0" tests="1" name="selenium.BrokenLinksHRM" time="34.572" errors="0" timestamp="2023-09-01T01:03:50 IST" skipped="0">
  <testcase classname="selenium.BrokenLinksHRM" name="test_brokenLinks" time="34.572"/>
</testsuite> <!-- selenium.BrokenLinksHRM -->
