<?xml version="1.0" encoding="UTF-8"?>
<!-- Generated by org.testng.reporters.JUnitReportReporter -->
<testsuite hostname="DESKTOP-P33KVPF" failures="0" tests="1" name="testng.DragnDropActionsMethod" time="30.894" errors="0" timestamp="2023-08-19T11:05:14 IST" skipped="0">
  <testcase classname="testng.DragnDropActionsMethod" name="dranNdrop" time="30.894"/>
</testsuite> <!-- testng.DragnDropActionsMethod -->
