<?xml version="1.0" encoding="UTF-8"?>
<!-- Generated by org.testng.reporters.JUnitReportReporter -->
<testsuite hostname="DESKTOP-P33KVPF" failures="0" tests="1" name="selenium.BrokenLinksAmazonParallelThreadExecution" time="85.765" errors="0" timestamp="2023-09-01T20:32:15 IST" skipped="0">
  <testcase classname="selenium.BrokenLinksAmazonParallelThreadExecution" name="test_brokenLinks" time="85.765"/>
</testsuite> <!-- selenium.BrokenLinksAmazonParallelThreadExecution -->
