<?xml version="1.0" encoding="UTF-8"?>
<!-- Generated by org.testng.reporters.JUnitReportReporter -->
<testsuite hostname="DESKTOP-P33KVPF" failures="0" tests="1" name="testng.LoginHRMUsingTestNG" time="6.900" errors="0" timestamp="2023-08-20T10:33:12 IST" skipped="0">
  <testcase classname="testng.LoginHRMUsingTestNG" name="LoginHRM" time="6.900"/>
</testsuite> <!-- testng.LoginHRMUsingTestNG -->
