<?xml version="1.0" encoding="UTF-8"?>
<!-- Generated by org.testng.reporters.JUnitReportReporter -->
<testsuite hostname="DESKTOP-P33KVPF" failures="0" tests="5" name="testng.AllExampleUsingTestNG" time="74.001" errors="0" timestamp="2023-08-20T21:30:08 IST" skipped="0">
  <testcase classname="testng.AllExampleUsingTestNG" name="assertMethod" time="12.465"/>
  <testcase classname="testng.AllExampleUsingTestNG" name="dragNdrop" time="10.624"/>
  <testcase classname="testng.AllExampleUsingTestNG" name="CreateGmailAccount" time="20.842"/>
  <testcase classname="testng.AllExampleUsingTestNG" name="loginHRM" time="19.638"/>
  <testcase classname="testng.AllExampleUsingTestNG" name="LoginFacebook" time="10.432"/>
</testsuite> <!-- testng.AllExampleUsingTestNG -->
