<?xml version="1.0" encoding="UTF-8"?>
<!-- Generated by org.testng.reporters.JUnitReportReporter -->
<testsuite hostname="DESKTOP-P33KVPF" failures="0" tests="1" name="testng.LoginFacebookUsingTestNG" time="9.193" errors="0" timestamp="2023-08-13T23:08:19 IST" skipped="0">
  <testcase classname="testng.LoginFacebookUsingTestNG" name="facebookLogin" time="9.193"/>
</testsuite> <!-- testng.LoginFacebookUsingTestNG -->
