<?xml version="1.0" encoding="UTF-8"?>
<!-- Generated by org.testng.reporters.JUnitReportReporter -->
<testsuite hostname="DESKTOP-P33KVPF" failures="0" tests="1" name="selenium.BrokenLinksAmazon" time="49.375" errors="0" timestamp="2023-09-01T20:24:46 IST" skipped="0">
  <testcase classname="selenium.BrokenLinksAmazon" name="test_brokenLinks" time="49.375"/>
</testsuite> <!-- selenium.BrokenLinksAmazon -->
