<?xml version="1.0" encoding="UTF-8"?>
<!-- Generated by org.testng.reporters.JUnitReportReporter -->
<testsuite hostname="DESKTOP-P33KVPF" failures="0" tests="1" name="selenium.AssertExampleHRMWrongPass" time="22.417" errors="0" timestamp="2023-08-20T12:40:16 IST" skipped="0">
  <testcase classname="selenium.AssertExampleHRMWrongPass" name="assertTest" time="22.417"/>
</testsuite> <!-- selenium.AssertExampleHRMWrongPass -->
