<?xml version="1.0" encoding="UTF-8"?>
<!-- Generated by org.testng.reporters.JUnitReportReporter -->
<testsuite hostname="DESKTOP-P33KVPF" failures="0" tests="1" name="testng.AssertExampleHRM" time="25.916" errors="0" timestamp="2023-09-06T13:56:02 IST" skipped="0">
  <testcase classname="testng.AssertExampleHRM" name="assertExampleMethod" time="25.916"/>
</testsuite> <!-- testng.AssertExampleHRM -->
