<?xml version="1.0" encoding="UTF-8"?>
<!-- Generated by org.testng.reporters.JUnitReportReporter -->
<testsuite hostname="DESKTOP-P33KVPF" failures="0" tests="1" name="testng.AssertExampleHRM" time="46.918" errors="0" timestamp="2023-09-08T15:07:37 IST" skipped="0">
  <testcase classname="testng.AssertExampleHRM" name="assertExampleMethod" time="46.918"/>
</testsuite> <!-- testng.AssertExampleHRM -->
