<?xml version="1.0" encoding="UTF-8"?>
<!-- Generated by org.testng.reporters.JUnitReportReporter -->
<testsuite hostname="DESKTOP-P33KVPF" failures="0" tests="1" name="com.bankingproject.testCases.TC_AddNewCust_003" time="26.431" errors="0" timestamp="2023-08-17T17:13:48 IST" skipped="0">
  <testcase classname="com.bankingproject.testCases.TC_AddNewCust_003" name="loginTest" time="26.431"/>
</testsuite> <!-- com.bankingproject.testCases.TC_AddNewCust_003 -->
